<?xml version="1.0" encoding="UTF-8"?>
<testng-results ignored="0" total="4" passed="4" failed="0" skipped="0">
  <reporter-output>
  </reporter-output>
  <suite started-at="2025-07-30T17:28:08 IST" name="Suite" finished-at="2025-07-30T17:29:44 IST" duration-ms="96271">
    <groups>
    </groups>
    <test started-at="2025-07-30T17:28:08 IST" name="Test" finished-at="2025-07-30T17:29:44 IST" duration-ms="96271">
      <class name="test.LoginTestClass">
        <test-method is-config="true" signature="OpenBrowserforLogin()[pri:0, instance:test.LoginTestClass@771a660]" started-at="2025-07-30T17:28:08 IST" name="OpenBrowserforLogin" finished-at="2025-07-30T17:28:22 IST" duration-ms="14270" status="PASS">
          <reporter-output>
          </reporter-output>
        </test-method> <!-- OpenBrowserforLogin -->
        <test-method signature="Password_Masking_Unmasking()[pri:0, instance:test.LoginTestClass@771a660]" started-at="2025-07-30T17:28:22 IST" name="Password_Masking_Unmasking" finished-at="2025-07-30T17:28:29 IST" duration-ms="6334" status="PASS">
          <reporter-output>
          </reporter-output>
        </test-method> <!-- Password_Masking_Unmasking -->
        <test-method is-config="true" signature="closeBrowser()[pri:0, instance:test.LoginTestClass@771a660]" started-at="2025-07-30T17:28:29 IST" name="closeBrowser" finished-at="2025-07-30T17:28:30 IST" duration-ms="1025" status="PASS">
          <reporter-output>
          </reporter-output>
        </test-method> <!-- closeBrowser -->
        <test-method is-config="true" signature="OpenBrowserforLogin()[pri:0, instance:test.LoginTestClass@771a660]" started-at="2025-07-30T17:28:30 IST" name="OpenBrowserforLogin" finished-at="2025-07-30T17:28:44 IST" duration-ms="14278" status="PASS">
          <reporter-output>
          </reporter-output>
        </test-method> <!-- OpenBrowserforLogin -->
        <test-method signature="ValidatePresenceOfPageObject()[pri:0, instance:test.LoginTestClass@771a660]" started-at="2025-07-30T17:28:44 IST" name="ValidatePresenceOfPageObject" finished-at="2025-07-30T17:28:46 IST" duration-ms="2282" status="PASS">
          <reporter-output>
          </reporter-output>
        </test-method> <!-- ValidatePresenceOfPageObject -->
        <test-method is-config="true" signature="closeBrowser()[pri:0, instance:test.LoginTestClass@771a660]" started-at="2025-07-30T17:28:46 IST" name="closeBrowser" finished-at="2025-07-30T17:28:47 IST" duration-ms="898" status="PASS">
          <reporter-output>
          </reporter-output>
        </test-method> <!-- closeBrowser -->
        <test-method is-config="true" signature="OpenBrowserforLogin()[pri:0, instance:test.LoginTestClass@771a660]" started-at="2025-07-30T17:28:47 IST" name="OpenBrowserforLogin" finished-at="2025-07-30T17:29:05 IST" duration-ms="18090" status="PASS">
          <reporter-output>
          </reporter-output>
        </test-method> <!-- OpenBrowserforLogin -->
        <test-method signature="login_with_Random_Number()[pri:0, instance:test.LoginTestClass@771a660]" started-at="2025-07-30T17:29:05 IST" name="login_with_Random_Number" finished-at="2025-07-30T17:29:14 IST" duration-ms="8429" status="PASS">
          <reporter-output>
          </reporter-output>
        </test-method> <!-- login_with_Random_Number -->
        <test-method is-config="true" signature="closeBrowser()[pri:0, instance:test.LoginTestClass@771a660]" started-at="2025-07-30T17:29:14 IST" name="closeBrowser" finished-at="2025-07-30T17:29:15 IST" duration-ms="990" status="PASS">
          <reporter-output>
          </reporter-output>
        </test-method> <!-- closeBrowser -->
        <test-method is-config="true" signature="OpenBrowserforLogin()[pri:0, instance:test.LoginTestClass@771a660]" started-at="2025-07-30T17:29:15 IST" name="OpenBrowserforLogin" finished-at="2025-07-30T17:29:31 IST" duration-ms="16210" status="PASS">
          <reporter-output>
          </reporter-output>
        </test-method> <!-- OpenBrowserforLogin -->
        <test-method signature="login_with_blank_fields()[pri:0, instance:test.LoginTestClass@771a660]" started-at="2025-07-30T17:29:31 IST" name="login_with_blank_fields" finished-at="2025-07-30T17:29:43 IST" duration-ms="12444" status="PASS">
          <reporter-output>
          </reporter-output>
        </test-method> <!-- login_with_blank_fields -->
        <test-method is-config="true" signature="closeBrowser()[pri:0, instance:test.LoginTestClass@771a660]" started-at="2025-07-30T17:29:43 IST" name="closeBrowser" finished-at="2025-07-30T17:29:44 IST" duration-ms="941" status="PASS">
          <reporter-output>
          </reporter-output>
        </test-method> <!-- closeBrowser -->
      </class> <!-- test.LoginTestClass -->
    </test> <!-- Test -->
  </suite> <!-- Suite -->
</testng-results>
