<?xml version="1.0" encoding="UTF-8"?>
<!-- Generated by org.testng.reporters.JUnitXMLReporter -->
<testsuite ignored="0" hostname="LAPTOP-3BML8FHO" failures="0" tests="4" name="Default test" time="104.875" errors="0" timestamp="2025-07-30T17:21:52 IST">
  <testcase classname="test.LoginTestClass" name="Password_Masking_Unmasking" time="6.323"/>
  <testcase classname="test.LoginTestClass" name="ValidatePresenceOfPageObject" time="2.124"/>
  <testcase classname="test.LoginTestClass" name="login_with_Random_Number" time="8.298"/>
  <testcase classname="test.LoginTestClass" name="login_with_blank_fields" time="12.326"/>
</testsuite> <!-- Default test -->
