<?xml version="1.0" encoding="UTF-8"?>
<!-- Generated by org.testng.reporters.JUnitXMLReporter -->
<testsuite ignored="0" hostname="LAPTOP-3BML8FHO" failures="0" tests="4" name="Test" time="96.271" errors="0" timestamp="2025-07-30T17:29:44 IST">
  <testcase classname="test.LoginTestClass" name="Password_Masking_Unmasking" time="6.334"/>
  <testcase classname="test.LoginTestClass" name="ValidatePresenceOfPageObject" time="2.282"/>
  <testcase classname="test.LoginTestClass" name="login_with_Random_Number" time="8.429"/>
  <testcase classname="test.LoginTestClass" name="login_with_blank_fields" time="12.444"/>
</testsuite> <!-- Test -->
